{"/home/Carter/Documents/GitHub/nerts/server/src/game/gameManager.js": {"path":"/home/Carter/Documents/GitHub/nerts/server/src/game/gameManager.js","statementMap":{"0":{"start":{"line":7,"column":4},"end":{"line":7,"column":20}},"1":{"start":{"line":15,"column":4},"end":{"line":17,"column":49}},"2":{"start":{"line":16,"column":6},"end":{"line":16,"column":69}},"3":{"start":{"line":19,"column":4},"end":{"line":19,"column":31}},"4":{"start":{"line":20,"column":4},"end":{"line":20,"column":19}},"5":{"start":{"line":26,"column":4},"end":{"line":28,"column":5}},"6":{"start":{"line":27,"column":6},"end":{"line":27,"column":18}},"7":{"start":{"line":30,"column":22},"end":{"line":30,"column":37}},"8":{"start":{"line":33,"column":4},"end":{"line":36,"column":7}},"9":{"start":{"line":34,"column":21},"end":{"line":34,"column":41}},"10":{"start":{"line":35,"column":6},"end":{"line":35,"column":34}},"11":{"start":{"line":38,"column":4},"end":{"line":38,"column":36}},"12":{"start":{"line":39,"column":4},"end":{"line":39,"column":21}},"13":{"start":{"line":46,"column":4},"end":{"line":46,"column":22}},"14":{"start":{"line":47,"column":4},"end":{"line":47,"column":25}},"15":{"start":{"line":48,"column":4},"end":{"line":48,"column":41}},"16":{"start":{"line":53,"column":4},"end":{"line":53,"column":43}},"17":{"start":{"line":56,"column":4},"end":{"line":58,"column":5}},"18":{"start":{"line":56,"column":17},"end":{"line":56,"column":18}},"19":{"start":{"line":57,"column":6},"end":{"line":57,"column":49}},"20":{"start":{"line":81,"column":19},"end":{"line":81,"column":53}},"21":{"start":{"line":84,"column":38},"end":{"line":87,"column":5}},"22":{"start":{"line":88,"column":21},"end":{"line":88,"column":66}},"23":{"start":{"line":91,"column":24},"end":{"line":96,"column":5}},"24":{"start":{"line":97,"column":21},"end":{"line":97,"column":55}},"25":{"start":{"line":100,"column":24},"end":{"line":100,"column":78}},"26":{"start":{"line":102,"column":4},"end":{"line":102,"column":23}},"27":{"start":{"line":107,"column":19},"end":{"line":107,"column":41}},"28":{"start":{"line":108,"column":17},"end":{"line":108,"column":44}},"29":{"start":{"line":109,"column":4},"end":{"line":109,"column":31}},"30":{"start":{"line":110,"column":4},"end":{"line":110,"column":16}},"31":{"start":{"line":115,"column":19},"end":{"line":115,"column":41}},"32":{"start":{"line":118,"column":4},"end":{"line":122,"column":5}},"33":{"start":{"line":119,"column":6},"end":{"line":119,"column":18}},"34":{"start":{"line":121,"column":6},"end":{"line":121,"column":19}},"35":{"start":{"line":127,"column":17},"end":{"line":127,"column":58}},"36":{"start":{"line":128,"column":21},"end":{"line":128,"column":45}},"37":{"start":{"line":135,"column":4},"end":{"line":140,"column":5}},"38":{"start":{"line":136,"column":6},"end":{"line":136,"column":59}},"39":{"start":{"line":137,"column":6},"end":{"line":137,"column":40}},"40":{"start":{"line":139,"column":6},"end":{"line":139,"column":47}},"41":{"start":{"line":142,"column":4},"end":{"line":142,"column":37}},"42":{"start":{"line":148,"column":4},"end":{"line":153,"column":5}},"43":{"start":{"line":149,"column":6},"end":{"line":149,"column":59}},"44":{"start":{"line":152,"column":6},"end":{"line":152,"column":53}},"45":{"start":{"line":160,"column":4},"end":{"line":160,"column":40}},"46":{"start":{"line":165,"column":4},"end":{"line":165,"column":45}},"47":{"start":{"line":170,"column":4},"end":{"line":253,"column":6}},"48":{"start":{"line":173,"column":21},"end":{"line":173,"column":38}},"49":{"start":{"line":176,"column":8},"end":{"line":183,"column":9}},"50":{"start":{"line":177,"column":10},"end":{"line":177,"column":29}},"51":{"start":{"line":178,"column":10},"end":{"line":178,"column":37}},"52":{"start":{"line":179,"column":10},"end":{"line":179,"column":25}},"53":{"start":{"line":180,"column":10},"end":{"line":180,"column":22}},"54":{"start":{"line":182,"column":10},"end":{"line":182,"column":23}},"55":{"start":{"line":187,"column":21},"end":{"line":187,"column":38}},"56":{"start":{"line":190,"column":8},"end":{"line":196,"column":9}},"57":{"start":{"line":191,"column":10},"end":{"line":191,"column":29}},"58":{"start":{"line":192,"column":10},"end":{"line":192,"column":37}},"59":{"start":{"line":193,"column":10},"end":{"line":193,"column":22}},"60":{"start":{"line":195,"column":10},"end":{"line":195,"column":23}},"61":{"start":{"line":200,"column":22},"end":{"line":200,"column":52}},"62":{"start":{"line":203,"column":8},"end":{"line":209,"column":9}},"63":{"start":{"line":204,"column":10},"end":{"line":204,"column":42}},"64":{"start":{"line":205,"column":10},"end":{"line":205,"column":37}},"65":{"start":{"line":206,"column":10},"end":{"line":206,"column":22}},"66":{"start":{"line":208,"column":10},"end":{"line":208,"column":23}},"67":{"start":{"line":213,"column":21},"end":{"line":213,"column":41}},"68":{"start":{"line":216,"column":8},"end":{"line":223,"column":9}},"69":{"start":{"line":217,"column":10},"end":{"line":217,"column":32}},"70":{"start":{"line":218,"column":10},"end":{"line":218,"column":37}},"71":{"start":{"line":219,"column":10},"end":{"line":219,"column":25}},"72":{"start":{"line":220,"column":10},"end":{"line":220,"column":22}},"73":{"start":{"line":222,"column":10},"end":{"line":222,"column":23}},"74":{"start":{"line":227,"column":21},"end":{"line":227,"column":38}},"75":{"start":{"line":230,"column":8},"end":{"line":237,"column":9}},"76":{"start":{"line":231,"column":10},"end":{"line":231,"column":29}},"77":{"start":{"line":232,"column":10},"end":{"line":232,"column":37}},"78":{"start":{"line":233,"column":10},"end":{"line":233,"column":28}},"79":{"start":{"line":234,"column":10},"end":{"line":234,"column":22}},"80":{"start":{"line":236,"column":10},"end":{"line":236,"column":23}},"81":{"start":{"line":241,"column":21},"end":{"line":241,"column":38}},"82":{"start":{"line":244,"column":8},"end":{"line":251,"column":9}},"83":{"start":{"line":245,"column":10},"end":{"line":245,"column":29}},"84":{"start":{"line":246,"column":10},"end":{"line":246,"column":37}},"85":{"start":{"line":247,"column":10},"end":{"line":247,"column":28}},"86":{"start":{"line":248,"column":10},"end":{"line":248,"column":22}},"87":{"start":{"line":250,"column":10},"end":{"line":250,"column":23}}},"fnMap":{"0":{"name":"(anonymous_0)","decl":{"start":{"line":6,"column":2},"end":{"line":6,"column":3}},"loc":{"start":{"line":6,"column":16},"end":{"line":8,"column":3}},"line":6},"1":{"name":"(anonymous_1)","decl":{"start":{"line":11,"column":2},"end":{"line":11,"column":3}},"loc":{"start":{"line":11,"column":16},"end":{"line":21,"column":3}},"line":11},"2":{"name":"(anonymous_2)","decl":{"start":{"line":24,"column":2},"end":{"line":24,"column":3}},"loc":{"start":{"line":24,"column":32},"end":{"line":40,"column":3}},"line":24},"3":{"name":"(anonymous_3)","decl":{"start":{"line":33,"column":22},"end":{"line":33,"column":23}},"loc":{"start":{"line":33,"column":36},"end":{"line":36,"column":5}},"line":33},"4":{"name":"(anonymous_4)","decl":{"start":{"line":45,"column":2},"end":{"line":45,"column":3}},"loc":{"start":{"line":45,"column":16},"end":{"line":49,"column":3}},"line":45},"5":{"name":"(anonymous_5)","decl":{"start":{"line":52,"column":2},"end":{"line":52,"column":3}},"loc":{"start":{"line":52,"column":20},"end":{"line":59,"column":3}},"line":52},"6":{"name":"(anonymous_6)","decl":{"start":{"line":80,"column":2},"end":{"line":80,"column":3}},"loc":{"start":{"line":80,"column":24},"end":{"line":103,"column":3}},"line":80},"7":{"name":"(anonymous_7)","decl":{"start":{"line":106,"column":2},"end":{"line":106,"column":3}},"loc":{"start":{"line":106,"column":25},"end":{"line":111,"column":3}},"line":106},"8":{"name":"(anonymous_8)","decl":{"start":{"line":114,"column":2},"end":{"line":114,"column":3}},"loc":{"start":{"line":114,"column":22},"end":{"line":123,"column":3}},"line":114},"9":{"name":"(anonymous_9)","decl":{"start":{"line":126,"column":2},"end":{"line":126,"column":3}},"loc":{"start":{"line":126,"column":37},"end":{"line":143,"column":3}},"line":126},"10":{"name":"(anonymous_10)","decl":{"start":{"line":146,"column":2},"end":{"line":146,"column":3}},"loc":{"start":{"line":146,"column":31},"end":{"line":154,"column":3}},"line":146},"11":{"name":"(anonymous_11)","decl":{"start":{"line":159,"column":2},"end":{"line":159,"column":3}},"loc":{"start":{"line":159,"column":16},"end":{"line":161,"column":3}},"line":159},"12":{"name":"(anonymous_12)","decl":{"start":{"line":164,"column":2},"end":{"line":164,"column":3}},"loc":{"start":{"line":164,"column":40},"end":{"line":166,"column":3}},"line":164},"13":{"name":"(anonymous_13)","decl":{"start":{"line":169,"column":2},"end":{"line":169,"column":3}},"loc":{"start":{"line":169,"column":20},"end":{"line":254,"column":3}},"line":169},"14":{"name":"(anonymous_14)","decl":{"start":{"line":172,"column":33},"end":{"line":172,"column":34}},"loc":{"start":{"line":172,"column":68},"end":{"line":184,"column":7}},"line":172},"15":{"name":"(anonymous_15)","decl":{"start":{"line":186,"column":28},"end":{"line":186,"column":29}},"loc":{"start":{"line":186,"column":63},"end":{"line":197,"column":7}},"line":186},"16":{"name":"(anonymous_16)","decl":{"start":{"line":199,"column":29},"end":{"line":199,"column":30}},"loc":{"start":{"line":199,"column":78},"end":{"line":210,"column":7}},"line":199},"17":{"name":"(anonymous_17)","decl":{"start":{"line":212,"column":34},"end":{"line":212,"column":35}},"loc":{"start":{"line":212,"column":69},"end":{"line":224,"column":7}},"line":212},"18":{"name":"(anonymous_18)","decl":{"start":{"line":226,"column":29},"end":{"line":226,"column":30}},"loc":{"start":{"line":226,"column":64},"end":{"line":238,"column":7}},"line":226},"19":{"name":"(anonymous_19)","decl":{"start":{"line":240,"column":34},"end":{"line":240,"column":35}},"loc":{"start":{"line":240,"column":69},"end":{"line":252,"column":7}},"line":240}},"branchMap":{"0":{"loc":{"start":{"line":26,"column":4},"end":{"line":28,"column":5}},"type":"if","locations":[{"start":{"line":26,"column":4},"end":{"line":28,"column":5}},{"start":{},"end":{}}],"line":26},"1":{"loc":{"start":{"line":118,"column":4},"end":{"line":122,"column":5}},"type":"if","locations":[{"start":{"line":118,"column":4},"end":{"line":122,"column":5}},{"start":{"line":120,"column":11},"end":{"line":122,"column":5}}],"line":118},"2":{"loc":{"start":{"line":135,"column":4},"end":{"line":140,"column":5}},"type":"if","locations":[{"start":{"line":135,"column":4},"end":{"line":140,"column":5}},{"start":{"line":138,"column":11},"end":{"line":140,"column":5}}],"line":135},"3":{"loc":{"start":{"line":148,"column":4},"end":{"line":153,"column":5}},"type":"if","locations":[{"start":{"line":148,"column":4},"end":{"line":153,"column":5}},{"start":{"line":150,"column":11},"end":{"line":153,"column":5}}],"line":148},"4":{"loc":{"start":{"line":176,"column":8},"end":{"line":183,"column":9}},"type":"if","locations":[{"start":{"line":176,"column":8},"end":{"line":183,"column":9}},{"start":{"line":181,"column":15},"end":{"line":183,"column":9}}],"line":176},"5":{"loc":{"start":{"line":190,"column":8},"end":{"line":196,"column":9}},"type":"if","locations":[{"start":{"line":190,"column":8},"end":{"line":196,"column":9}},{"start":{"line":194,"column":15},"end":{"line":196,"column":9}}],"line":190},"6":{"loc":{"start":{"line":203,"column":8},"end":{"line":209,"column":9}},"type":"if","locations":[{"start":{"line":203,"column":8},"end":{"line":209,"column":9}},{"start":{"line":207,"column":15},"end":{"line":209,"column":9}}],"line":203},"7":{"loc":{"start":{"line":216,"column":8},"end":{"line":223,"column":9}},"type":"if","locations":[{"start":{"line":216,"column":8},"end":{"line":223,"column":9}},{"start":{"line":221,"column":15},"end":{"line":223,"column":9}}],"line":216},"8":{"loc":{"start":{"line":230,"column":8},"end":{"line":237,"column":9}},"type":"if","locations":[{"start":{"line":230,"column":8},"end":{"line":237,"column":9}},{"start":{"line":235,"column":15},"end":{"line":237,"column":9}}],"line":230},"9":{"loc":{"start":{"line":244,"column":8},"end":{"line":251,"column":9}},"type":"if","locations":[{"start":{"line":244,"column":8},"end":{"line":251,"column":9}},{"start":{"line":249,"column":15},"end":{"line":251,"column":9}}],"line":244}},"s":{"0":8,"1":9,"2":9,"3":9,"4":9,"5":4,"6":1,"7":3,"8":3,"9":4,"10":4,"11":3,"12":3,"13":17,"14":17,"15":17,"16":19,"17":19,"18":19,"19":76,"20":1,"21":1,"22":1,"23":1,"24":1,"25":1,"26":1,"27":26,"28":26,"29":26,"30":26,"31":2,"32":2,"33":1,"34":1,"35":1,"36":1,"37":1,"38":0,"39":0,"40":1,"41":1,"42":1,"43":0,"44":1,"45":17,"46":1,"47":17,"48":1,"49":1,"50":1,"51":1,"52":1,"53":1,"54":0,"55":0,"56":0,"57":0,"58":0,"59":0,"60":0,"61":0,"62":0,"63":0,"64":0,"65":0,"66":0,"67":0,"68":0,"69":0,"70":0,"71":0,"72":0,"73":0,"74":0,"75":0,"76":0,"77":0,"78":0,"79":0,"80":0,"81":0,"82":0,"83":0,"84":0,"85":0,"86":0,"87":0},"f":{"0":8,"1":9,"2":4,"3":4,"4":17,"5":19,"6":1,"7":26,"8":2,"9":1,"10":1,"11":17,"12":1,"13":17,"14":1,"15":0,"16":0,"17":0,"18":0,"19":0},"b":{"0":[1,3],"1":[1,1],"2":[0,1],"3":[0,1],"4":[1,0],"5":[0,0],"6":[0,0],"7":[0,0],"8":[0,0],"9":[0,0]},"_coverageSchema":"1a1c01bbd47fc00a2c39e90264f33305004495a9","hash":"3c52c255629094168858f7788cc715e542058efa"}
,"/home/Carter/Documents/GitHub/nerts/server/src/models/hand.js": {"path":"/home/Carter/Documents/GitHub/nerts/server/src/models/hand.js","statementMap":{"0":{"start":{"line":6,"column":4},"end":{"line":6,"column":37}},"1":{"start":{"line":7,"column":4},"end":{"line":7,"column":25}},"2":{"start":{"line":8,"column":4},"end":{"line":8,"column":35}},"3":{"start":{"line":10,"column":4},"end":{"line":10,"column":55}},"4":{"start":{"line":15,"column":17},"end":{"line":15,"column":27}},"5":{"start":{"line":17,"column":4},"end":{"line":17,"column":71}},"6":{"start":{"line":20,"column":4},"end":{"line":22,"column":5}},"7":{"start":{"line":20,"column":17},"end":{"line":20,"column":18}},"8":{"start":{"line":21,"column":6},"end":{"line":21,"column":62}},"9":{"start":{"line":24,"column":4},"end":{"line":24,"column":55}},"10":{"start":{"line":31,"column":4},"end":{"line":31,"column":59}},"11":{"start":{"line":32,"column":4},"end":{"line":32,"column":61}},"12":{"start":{"line":33,"column":4},"end":{"line":33,"column":41}},"13":{"start":{"line":39,"column":15},"end":{"line":39,"column":17}},"14":{"start":{"line":40,"column":4},"end":{"line":44,"column":5}},"15":{"start":{"line":41,"column":6},"end":{"line":43,"column":7}},"16":{"start":{"line":42,"column":8},"end":{"line":42,"column":40}},"17":{"start":{"line":47,"column":4},"end":{"line":50,"column":5}},"18":{"start":{"line":47,"column":17},"end":{"line":47,"column":32}},"19":{"start":{"line":48,"column":16},"end":{"line":48,"column":51}},"20":{"start":{"line":49,"column":6},"end":{"line":49,"column":46}},"21":{"start":{"line":51,"column":4},"end":{"line":51,"column":16}},"22":{"start":{"line":58,"column":4},"end":{"line":58,"column":21}},"23":{"start":{"line":59,"column":4},"end":{"line":59,"column":21}},"24":{"start":{"line":60,"column":4},"end":{"line":60,"column":56}},"25":{"start":{"line":64,"column":4},"end":{"line":64,"column":39}}},"fnMap":{"0":{"name":"(anonymous_0)","decl":{"start":{"line":5,"column":2},"end":{"line":5,"column":3}},"loc":{"start":{"line":5,"column":53},"end":{"line":11,"column":3}},"line":5},"1":{"name":"(anonymous_1)","decl":{"start":{"line":14,"column":2},"end":{"line":14,"column":3}},"loc":{"start":{"line":14,"column":48},"end":{"line":25,"column":3}},"line":14},"2":{"name":"(anonymous_2)","decl":{"start":{"line":30,"column":2},"end":{"line":30,"column":3}},"loc":{"start":{"line":30,"column":16},"end":{"line":34,"column":3}},"line":30},"3":{"name":"(anonymous_3)","decl":{"start":{"line":37,"column":2},"end":{"line":37,"column":3}},"loc":{"start":{"line":37,"column":21},"end":{"line":52,"column":3}},"line":37},"4":{"name":"(anonymous_4)","decl":{"start":{"line":57,"column":2},"end":{"line":57,"column":3}},"loc":{"start":{"line":57,"column":26},"end":{"line":61,"column":3}},"line":57},"5":{"name":"(anonymous_5)","decl":{"start":{"line":63,"column":2},"end":{"line":63,"column":3}},"loc":{"start":{"line":63,"column":13},"end":{"line":65,"column":3}},"line":63}},"branchMap":{"0":{"loc":{"start":{"line":5,"column":14},"end":{"line":5,"column":32}},"type":"default-arg","locations":[{"start":{"line":5,"column":30},"end":{"line":5,"column":32}}],"line":5},"1":{"loc":{"start":{"line":5,"column":34},"end":{"line":5,"column":51}},"type":"default-arg","locations":[{"start":{"line":5,"column":50},"end":{"line":5,"column":51}}],"line":5},"2":{"loc":{"start":{"line":60,"column":17},"end":{"line":60,"column":55}},"type":"binary-expr","locations":[{"start":{"line":60,"column":17},"end":{"line":60,"column":35}},{"start":{"line":60,"column":39},"end":{"line":60,"column":55}}],"line":60}},"s":{"0":27,"1":27,"2":27,"3":27,"4":27,"5":27,"6":27,"7":27,"8":110,"9":27,"10":28,"11":28,"12":28,"13":28,"14":28,"15":112,"16":1456,"17":28,"18":28,"19":1428,"20":1428,"21":28,"22":1519,"23":1519,"24":1519,"25":358},"f":{"0":27,"1":27,"2":28,"3":28,"4":1519,"5":358},"b":{"0":[25],"1":[25],"2":[1519,1141]},"_coverageSchema":"1a1c01bbd47fc00a2c39e90264f33305004495a9","hash":"635d59724ce8671bd1744a218adc8ad8caf2946c"}
,"/home/Carter/Documents/GitHub/nerts/server/src/models/piles.js": {"path":"/home/Carter/Documents/GitHub/nerts/server/src/models/piles.js","statementMap":{"0":{"start":{"line":4,"column":4},"end":{"line":4,"column":23}},"1":{"start":{"line":5,"column":4},"end":{"line":5,"column":28}},"2":{"start":{"line":10,"column":4},"end":{"line":10,"column":23}},"3":{"start":{"line":15,"column":4},"end":{"line":15,"column":28}},"4":{"start":{"line":20,"column":4},"end":{"line":20,"column":29}},"5":{"start":{"line":25,"column":4},"end":{"line":25,"column":37}},"6":{"start":{"line":32,"column":4},"end":{"line":32,"column":23}},"7":{"start":{"line":33,"column":4},"end":{"line":33,"column":37}},"8":{"start":{"line":34,"column":4},"end":{"line":34,"column":27}},"9":{"start":{"line":39,"column":4},"end":{"line":39,"column":23}},"10":{"start":{"line":44,"column":27},"end":{"line":44,"column":70}},"11":{"start":{"line":46,"column":4},"end":{"line":56,"column":5}},"12":{"start":{"line":48,"column":6},"end":{"line":48,"column":29}},"13":{"start":{"line":49,"column":11},"end":{"line":56,"column":5}},"14":{"start":{"line":51,"column":6},"end":{"line":51,"column":48}},"15":{"start":{"line":52,"column":11},"end":{"line":56,"column":5}},"16":{"start":{"line":54,"column":6},"end":{"line":54,"column":29}},"17":{"start":{"line":55,"column":6},"end":{"line":55,"column":18}},"18":{"start":{"line":57,"column":4},"end":{"line":57,"column":41}},"19":{"start":{"line":62,"column":17},"end":{"line":62,"column":56}},"20":{"start":{"line":63,"column":4},"end":{"line":63,"column":24}},"21":{"start":{"line":64,"column":4},"end":{"line":64,"column":16}},"22":{"start":{"line":69,"column":4},"end":{"line":69,"column":41}},"23":{"start":{"line":74,"column":4},"end":{"line":74,"column":55}},"24":{"start":{"line":81,"column":4},"end":{"line":81,"column":23}},"25":{"start":{"line":82,"column":4},"end":{"line":82,"column":28}},"26":{"start":{"line":87,"column":4},"end":{"line":87,"column":23}},"27":{"start":{"line":92,"column":4},"end":{"line":92,"column":36}},"28":{"start":{"line":97,"column":4},"end":{"line":97,"column":35}},"29":{"start":{"line":102,"column":4},"end":{"line":117,"column":5}},"30":{"start":{"line":104,"column":6},"end":{"line":106,"column":9}},"31":{"start":{"line":105,"column":8},"end":{"line":105,"column":30}},"32":{"start":{"line":107,"column":11},"end":{"line":117,"column":5}},"33":{"start":{"line":112,"column":6},"end":{"line":114,"column":9}},"34":{"start":{"line":113,"column":8},"end":{"line":113,"column":30}},"35":{"start":{"line":116,"column":6},"end":{"line":116,"column":19}},"36":{"start":{"line":118,"column":4},"end":{"line":118,"column":16}},"37":{"start":{"line":123,"column":4},"end":{"line":123,"column":37}},"38":{"start":{"line":130,"column":4},"end":{"line":130,"column":23}},"39":{"start":{"line":131,"column":4},"end":{"line":131,"column":21}},"40":{"start":{"line":132,"column":4},"end":{"line":132,"column":33}},"41":{"start":{"line":137,"column":4},"end":{"line":137,"column":29}},"42":{"start":{"line":143,"column":4},"end":{"line":159,"column":5}},"43":{"start":{"line":145,"column":6},"end":{"line":151,"column":7}},"44":{"start":{"line":147,"column":8},"end":{"line":147,"column":30}},"45":{"start":{"line":148,"column":8},"end":{"line":148,"column":30}},"46":{"start":{"line":150,"column":8},"end":{"line":150,"column":21}},"47":{"start":{"line":154,"column":6},"end":{"line":158,"column":7}},"48":{"start":{"line":155,"column":8},"end":{"line":155,"column":30}},"49":{"start":{"line":157,"column":8},"end":{"line":157,"column":21}},"50":{"start":{"line":160,"column":4},"end":{"line":160,"column":16}},"51":{"start":{"line":165,"column":4},"end":{"line":165,"column":53}}},"fnMap":{"0":{"name":"(anonymous_0)","decl":{"start":{"line":3,"column":2},"end":{"line":3,"column":3}},"loc":{"start":{"line":3,"column":26},"end":{"line":6,"column":3}},"line":3},"1":{"name":"(anonymous_1)","decl":{"start":{"line":9,"column":2},"end":{"line":9,"column":3}},"loc":{"start":{"line":9,"column":24},"end":{"line":11,"column":3}},"line":9},"2":{"name":"(anonymous_2)","decl":{"start":{"line":14,"column":2},"end":{"line":14,"column":3}},"loc":{"start":{"line":14,"column":13},"end":{"line":16,"column":3}},"line":14},"3":{"name":"(anonymous_3)","decl":{"start":{"line":19,"column":2},"end":{"line":19,"column":3}},"loc":{"start":{"line":19,"column":12},"end":{"line":21,"column":3}},"line":19},"4":{"name":"(anonymous_4)","decl":{"start":{"line":24,"column":2},"end":{"line":24,"column":3}},"loc":{"start":{"line":24,"column":10},"end":{"line":26,"column":3}},"line":24},"5":{"name":"(anonymous_5)","decl":{"start":{"line":31,"column":2},"end":{"line":31,"column":3}},"loc":{"start":{"line":31,"column":45},"end":{"line":35,"column":3}},"line":31},"6":{"name":"(anonymous_6)","decl":{"start":{"line":38,"column":2},"end":{"line":38,"column":3}},"loc":{"start":{"line":38,"column":24},"end":{"line":40,"column":3}},"line":38},"7":{"name":"(anonymous_7)","decl":{"start":{"line":43,"column":2},"end":{"line":43,"column":3}},"loc":{"start":{"line":43,"column":9},"end":{"line":58,"column":3}},"line":43},"8":{"name":"(anonymous_8)","decl":{"start":{"line":61,"column":2},"end":{"line":61,"column":3}},"loc":{"start":{"line":61,"column":13},"end":{"line":65,"column":3}},"line":61},"9":{"name":"(anonymous_9)","decl":{"start":{"line":68,"column":2},"end":{"line":68,"column":3}},"loc":{"start":{"line":68,"column":12},"end":{"line":70,"column":3}},"line":68},"10":{"name":"(anonymous_10)","decl":{"start":{"line":73,"column":2},"end":{"line":73,"column":3}},"loc":{"start":{"line":73,"column":10},"end":{"line":75,"column":3}},"line":73},"11":{"name":"(anonymous_11)","decl":{"start":{"line":80,"column":2},"end":{"line":80,"column":3}},"loc":{"start":{"line":80,"column":26},"end":{"line":83,"column":3}},"line":80},"12":{"name":"(anonymous_12)","decl":{"start":{"line":86,"column":2},"end":{"line":86,"column":3}},"loc":{"start":{"line":86,"column":24},"end":{"line":88,"column":3}},"line":86},"13":{"name":"(anonymous_13)","decl":{"start":{"line":91,"column":2},"end":{"line":91,"column":3}},"loc":{"start":{"line":91,"column":19},"end":{"line":93,"column":3}},"line":91},"14":{"name":"(anonymous_14)","decl":{"start":{"line":96,"column":2},"end":{"line":96,"column":3}},"loc":{"start":{"line":96,"column":18},"end":{"line":98,"column":3}},"line":96},"15":{"name":"(anonymous_15)","decl":{"start":{"line":101,"column":2},"end":{"line":101,"column":3}},"loc":{"start":{"line":101,"column":18},"end":{"line":119,"column":3}},"line":101},"16":{"name":"(anonymous_16)","decl":{"start":{"line":104,"column":20},"end":{"line":104,"column":21}},"loc":{"start":{"line":104,"column":30},"end":{"line":106,"column":7}},"line":104},"17":{"name":"(anonymous_17)","decl":{"start":{"line":112,"column":20},"end":{"line":112,"column":21}},"loc":{"start":{"line":112,"column":30},"end":{"line":114,"column":7}},"line":112},"18":{"name":"(anonymous_18)","decl":{"start":{"line":122,"column":2},"end":{"line":122,"column":3}},"loc":{"start":{"line":122,"column":10},"end":{"line":124,"column":3}},"line":122},"19":{"name":"(anonymous_19)","decl":{"start":{"line":129,"column":2},"end":{"line":129,"column":3}},"loc":{"start":{"line":129,"column":39},"end":{"line":133,"column":3}},"line":129},"20":{"name":"(anonymous_20)","decl":{"start":{"line":136,"column":2},"end":{"line":136,"column":3}},"loc":{"start":{"line":136,"column":12},"end":{"line":138,"column":3}},"line":136},"21":{"name":"(anonymous_21)","decl":{"start":{"line":141,"column":2},"end":{"line":141,"column":3}},"loc":{"start":{"line":141,"column":16},"end":{"line":161,"column":3}},"line":141},"22":{"name":"(anonymous_22)","decl":{"start":{"line":164,"column":2},"end":{"line":164,"column":3}},"loc":{"start":{"line":164,"column":10},"end":{"line":166,"column":3}},"line":164}},"branchMap":{"0":{"loc":{"start":{"line":3,"column":14},"end":{"line":3,"column":24}},"type":"default-arg","locations":[{"start":{"line":3,"column":22},"end":{"line":3,"column":24}}],"line":3},"1":{"loc":{"start":{"line":31,"column":14},"end":{"line":31,"column":24}},"type":"default-arg","locations":[{"start":{"line":31,"column":22},"end":{"line":31,"column":24}}],"line":31},"2":{"loc":{"start":{"line":31,"column":26},"end":{"line":31,"column":43}},"type":"default-arg","locations":[{"start":{"line":31,"column":41},"end":{"line":31,"column":43}}],"line":31},"3":{"loc":{"start":{"line":46,"column":4},"end":{"line":56,"column":5}},"type":"if","locations":[{"start":{"line":46,"column":4},"end":{"line":56,"column":5}},{"start":{"line":49,"column":11},"end":{"line":56,"column":5}}],"line":46},"4":{"loc":{"start":{"line":49,"column":11},"end":{"line":56,"column":5}},"type":"if","locations":[{"start":{"line":49,"column":11},"end":{"line":56,"column":5}},{"start":{"line":52,"column":11},"end":{"line":56,"column":5}}],"line":49},"5":{"loc":{"start":{"line":52,"column":11},"end":{"line":56,"column":5}},"type":"if","locations":[{"start":{"line":52,"column":11},"end":{"line":56,"column":5}},{"start":{},"end":{}}],"line":52},"6":{"loc":{"start":{"line":80,"column":14},"end":{"line":80,"column":24}},"type":"default-arg","locations":[{"start":{"line":80,"column":22},"end":{"line":80,"column":24}}],"line":80},"7":{"loc":{"start":{"line":102,"column":4},"end":{"line":117,"column":5}},"type":"if","locations":[{"start":{"line":102,"column":4},"end":{"line":117,"column":5}},{"start":{"line":107,"column":11},"end":{"line":117,"column":5}}],"line":102},"8":{"loc":{"start":{"line":107,"column":11},"end":{"line":117,"column":5}},"type":"if","locations":[{"start":{"line":107,"column":11},"end":{"line":117,"column":5}},{"start":{"line":115,"column":11},"end":{"line":117,"column":5}}],"line":107},"9":{"loc":{"start":{"line":108,"column":6},"end":{"line":109,"column":47}},"type":"binary-expr","locations":[{"start":{"line":108,"column":6},"end":{"line":108,"column":49}},{"start":{"line":109,"column":6},"end":{"line":109,"column":47}}],"line":108},"10":{"loc":{"start":{"line":129,"column":14},"end":{"line":129,"column":24}},"type":"default-arg","locations":[{"start":{"line":129,"column":22},"end":{"line":129,"column":24}}],"line":129},"11":{"loc":{"start":{"line":129,"column":26},"end":{"line":129,"column":37}},"type":"default-arg","locations":[{"start":{"line":129,"column":33},"end":{"line":129,"column":37}}],"line":129},"12":{"loc":{"start":{"line":143,"column":4},"end":{"line":159,"column":5}},"type":"if","locations":[{"start":{"line":143,"column":4},"end":{"line":159,"column":5}},{"start":{"line":152,"column":11},"end":{"line":159,"column":5}}],"line":143},"13":{"loc":{"start":{"line":145,"column":6},"end":{"line":151,"column":7}},"type":"if","locations":[{"start":{"line":145,"column":6},"end":{"line":151,"column":7}},{"start":{"line":149,"column":13},"end":{"line":151,"column":7}}],"line":145},"14":{"loc":{"start":{"line":154,"column":6},"end":{"line":158,"column":7}},"type":"if","locations":[{"start":{"line":154,"column":6},"end":{"line":158,"column":7}},{"start":{"line":156,"column":13},"end":{"line":158,"column":7}}],"line":154},"15":{"loc":{"start":{"line":154,"column":10},"end":{"line":154,"column":75}},"type":"binary-expr","locations":[{"start":{"line":154,"column":10},"end":{"line":154,"column":49}},{"start":{"line":154,"column":53},"end":{"line":154,"column":75}}],"line":154}},"s":{"0":27,"1":27,"2":27,"3":0,"4":46,"5":0,"6":27,"7":27,"8":27,"9":27,"10":26,"11":26,"12":19,"13":7,"14":3,"15":4,"16":4,"17":4,"18":22,"19":1,"20":1,"21":1,"22":24,"23":0,"24":110,"25":110,"26":0,"27":0,"28":0,"29":0,"30":0,"31":0,"32":0,"33":0,"34":0,"35":0,"36":0,"37":0,"38":76,"39":76,"40":76,"41":0,"42":1,"43":1,"44":1,"45":1,"46":0,"47":0,"48":0,"49":0,"50":1,"51":0},"f":{"0":27,"1":27,"2":0,"3":46,"4":0,"5":27,"6":27,"7":26,"8":1,"9":24,"10":0,"11":110,"12":0,"13":0,"14":0,"15":0,"16":0,"17":0,"18":0,"19":76,"20":0,"21":1,"22":0},"b":{"0":[27],"1":[27],"2":[27],"3":[19,7],"4":[3,4],"5":[4,0],"6":[0],"7":[0,0],"8":[0,0],"9":[0,0],"10":[76],"11":[76],"12":[1,0],"13":[1,0],"14":[0,0],"15":[0,0]},"_coverageSchema":"1a1c01bbd47fc00a2c39e90264f33305004495a9","hash":"ab073626b317e2bd7be51941bd16904dc70b4fc3"}
,"/home/Carter/Documents/GitHub/nerts/server/src/models/player.js": {"path":"/home/Carter/Documents/GitHub/nerts/server/src/models/player.js","statementMap":{"0":{"start":{"line":5,"column":4},"end":{"line":5,"column":29}},"1":{"start":{"line":6,"column":4},"end":{"line":6,"column":27}},"2":{"start":{"line":7,"column":4},"end":{"line":7,"column":26}},"3":{"start":{"line":8,"column":4},"end":{"line":8,"column":23}},"4":{"start":{"line":10,"column":4},"end":{"line":10,"column":29}},"5":{"start":{"line":15,"column":24},"end":{"line":15,"column":26}},"6":{"start":{"line":18,"column":22},"end":{"line":18,"column":51}},"7":{"start":{"line":19,"column":4},"end":{"line":19,"column":66}},"8":{"start":{"line":21,"column":4},"end":{"line":24,"column":5}},"9":{"start":{"line":22,"column":23},"end":{"line":22,"column":51}},"10":{"start":{"line":23,"column":6},"end":{"line":23,"column":66}},"11":{"start":{"line":27,"column":4},"end":{"line":45,"column":5}},"12":{"start":{"line":28,"column":22},"end":{"line":28,"column":23}},"13":{"start":{"line":32,"column":6},"end":{"line":44,"column":7}},"14":{"start":{"line":33,"column":24},"end":{"line":33,"column":25}},"15":{"start":{"line":37,"column":8},"end":{"line":43,"column":10}},"16":{"start":{"line":46,"column":4},"end":{"line":46,"column":35}}},"fnMap":{"0":{"name":"(anonymous_0)","decl":{"start":{"line":4,"column":2},"end":{"line":4,"column":3}},"loc":{"start":{"line":4,"column":35},"end":{"line":11,"column":3}},"line":4},"1":{"name":"(anonymous_1)","decl":{"start":{"line":14,"column":2},"end":{"line":14,"column":3}},"loc":{"start":{"line":14,"column":22},"end":{"line":47,"column":3}},"line":14}},"branchMap":{"0":{"loc":{"start":{"line":4,"column":24},"end":{"line":4,"column":33}},"type":"default-arg","locations":[{"start":{"line":4,"column":32},"end":{"line":4,"column":33}}],"line":4},"1":{"loc":{"start":{"line":21,"column":4},"end":{"line":24,"column":5}},"type":"if","locations":[{"start":{"line":21,"column":4},"end":{"line":24,"column":5}},{"start":{},"end":{}}],"line":21}},"s":{"0":19,"1":19,"2":19,"3":19,"4":19,"5":46,"6":46,"7":46,"8":46,"9":23,"10":23,"11":46,"12":46,"13":184,"14":184,"15":184,"16":46},"f":{"0":19,"1":46},"b":{"0":[19],"1":[23,23]},"_coverageSchema":"1a1c01bbd47fc00a2c39e90264f33305004495a9","hash":"ed9c7fe646f679271c9585260fd18996211827f7"}
}
