{"/home/Carter/Documents/GitHub/nerts/server/src/game/gameManager.js": {"path":"/home/Carter/Documents/GitHub/nerts/server/src/game/gameManager.js","statementMap":{"0":{"start":{"line":7,"column":4},"end":{"line":7,"column":20}},"1":{"start":{"line":12,"column":22},"end":{"line":12,"column":37}},"2":{"start":{"line":15,"column":4},"end":{"line":18,"column":7}},"3":{"start":{"line":16,"column":21},"end":{"line":16,"column":41}},"4":{"start":{"line":17,"column":6},"end":{"line":17,"column":44}},"5":{"start":{"line":20,"column":4},"end":{"line":20,"column":36}},"6":{"start":{"line":21,"column":4},"end":{"line":21,"column":21}},"7":{"start":{"line":28,"column":4},"end":{"line":28,"column":22}},"8":{"start":{"line":29,"column":4},"end":{"line":29,"column":25}},"9":{"start":{"line":30,"column":4},"end":{"line":30,"column":41}},"10":{"start":{"line":35,"column":4},"end":{"line":35,"column":36}},"11":{"start":{"line":38,"column":4},"end":{"line":40,"column":5}},"12":{"start":{"line":38,"column":17},"end":{"line":38,"column":18}},"13":{"start":{"line":39,"column":6},"end":{"line":39,"column":49}},"14":{"start":{"line":63,"column":19},"end":{"line":63,"column":53}},"15":{"start":{"line":66,"column":38},"end":{"line":69,"column":5}},"16":{"start":{"line":70,"column":21},"end":{"line":70,"column":61}},"17":{"start":{"line":73,"column":24},"end":{"line":78,"column":5}},"18":{"start":{"line":79,"column":21},"end":{"line":79,"column":55}},"19":{"start":{"line":82,"column":24},"end":{"line":82,"column":78}},"20":{"start":{"line":84,"column":4},"end":{"line":84,"column":23}},"21":{"start":{"line":89,"column":19},"end":{"line":89,"column":41}},"22":{"start":{"line":90,"column":17},"end":{"line":90,"column":44}},"23":{"start":{"line":91,"column":4},"end":{"line":91,"column":31}},"24":{"start":{"line":92,"column":4},"end":{"line":92,"column":16}},"25":{"start":{"line":97,"column":19},"end":{"line":97,"column":41}},"26":{"start":{"line":100,"column":4},"end":{"line":104,"column":5}},"27":{"start":{"line":101,"column":6},"end":{"line":101,"column":18}},"28":{"start":{"line":103,"column":6},"end":{"line":103,"column":19}},"29":{"start":{"line":109,"column":17},"end":{"line":109,"column":58}},"30":{"start":{"line":110,"column":21},"end":{"line":110,"column":45}},"31":{"start":{"line":113,"column":20},"end":{"line":113,"column":24}},"32":{"start":{"line":114,"column":25},"end":{"line":114,"column":29}},"33":{"start":{"line":117,"column":4},"end":{"line":122,"column":5}},"34":{"start":{"line":118,"column":6},"end":{"line":118,"column":59}},"35":{"start":{"line":119,"column":6},"end":{"line":119,"column":40}},"36":{"start":{"line":121,"column":6},"end":{"line":121,"column":47}},"37":{"start":{"line":124,"column":4},"end":{"line":124,"column":37}},"38":{"start":{"line":130,"column":4},"end":{"line":135,"column":5}},"39":{"start":{"line":131,"column":6},"end":{"line":131,"column":59}},"40":{"start":{"line":134,"column":6},"end":{"line":134,"column":52}},"41":{"start":{"line":142,"column":4},"end":{"line":142,"column":40}},"42":{"start":{"line":147,"column":4},"end":{"line":147,"column":45}},"43":{"start":{"line":152,"column":4},"end":{"line":235,"column":6}},"44":{"start":{"line":155,"column":21},"end":{"line":155,"column":38}},"45":{"start":{"line":158,"column":8},"end":{"line":165,"column":9}},"46":{"start":{"line":159,"column":10},"end":{"line":159,"column":29}},"47":{"start":{"line":160,"column":10},"end":{"line":160,"column":37}},"48":{"start":{"line":161,"column":10},"end":{"line":161,"column":25}},"49":{"start":{"line":162,"column":10},"end":{"line":162,"column":22}},"50":{"start":{"line":164,"column":10},"end":{"line":164,"column":23}},"51":{"start":{"line":169,"column":21},"end":{"line":169,"column":38}},"52":{"start":{"line":172,"column":8},"end":{"line":178,"column":9}},"53":{"start":{"line":173,"column":10},"end":{"line":173,"column":29}},"54":{"start":{"line":174,"column":10},"end":{"line":174,"column":37}},"55":{"start":{"line":175,"column":10},"end":{"line":175,"column":22}},"56":{"start":{"line":177,"column":10},"end":{"line":177,"column":23}},"57":{"start":{"line":182,"column":22},"end":{"line":182,"column":52}},"58":{"start":{"line":185,"column":8},"end":{"line":191,"column":9}},"59":{"start":{"line":186,"column":10},"end":{"line":186,"column":42}},"60":{"start":{"line":187,"column":10},"end":{"line":187,"column":37}},"61":{"start":{"line":188,"column":10},"end":{"line":188,"column":22}},"62":{"start":{"line":190,"column":10},"end":{"line":190,"column":23}},"63":{"start":{"line":195,"column":21},"end":{"line":195,"column":41}},"64":{"start":{"line":198,"column":8},"end":{"line":205,"column":9}},"65":{"start":{"line":199,"column":10},"end":{"line":199,"column":32}},"66":{"start":{"line":200,"column":10},"end":{"line":200,"column":37}},"67":{"start":{"line":201,"column":10},"end":{"line":201,"column":25}},"68":{"start":{"line":202,"column":10},"end":{"line":202,"column":22}},"69":{"start":{"line":204,"column":10},"end":{"line":204,"column":23}},"70":{"start":{"line":209,"column":21},"end":{"line":209,"column":38}},"71":{"start":{"line":212,"column":8},"end":{"line":219,"column":9}},"72":{"start":{"line":213,"column":10},"end":{"line":213,"column":29}},"73":{"start":{"line":214,"column":10},"end":{"line":214,"column":37}},"74":{"start":{"line":215,"column":10},"end":{"line":215,"column":28}},"75":{"start":{"line":216,"column":10},"end":{"line":216,"column":22}},"76":{"start":{"line":218,"column":10},"end":{"line":218,"column":23}},"77":{"start":{"line":223,"column":21},"end":{"line":223,"column":38}},"78":{"start":{"line":226,"column":8},"end":{"line":233,"column":9}},"79":{"start":{"line":227,"column":10},"end":{"line":227,"column":29}},"80":{"start":{"line":228,"column":10},"end":{"line":228,"column":37}},"81":{"start":{"line":229,"column":10},"end":{"line":229,"column":28}},"82":{"start":{"line":230,"column":10},"end":{"line":230,"column":22}},"83":{"start":{"line":232,"column":10},"end":{"line":232,"column":23}}},"fnMap":{"0":{"name":"(anonymous_0)","decl":{"start":{"line":6,"column":2},"end":{"line":6,"column":3}},"loc":{"start":{"line":6,"column":16},"end":{"line":8,"column":3}},"line":6},"1":{"name":"(anonymous_1)","decl":{"start":{"line":11,"column":2},"end":{"line":11,"column":3}},"loc":{"start":{"line":11,"column":30},"end":{"line":22,"column":3}},"line":11},"2":{"name":"(anonymous_2)","decl":{"start":{"line":15,"column":20},"end":{"line":15,"column":21}},"loc":{"start":{"line":15,"column":34},"end":{"line":18,"column":5}},"line":15},"3":{"name":"(anonymous_3)","decl":{"start":{"line":27,"column":2},"end":{"line":27,"column":3}},"loc":{"start":{"line":27,"column":16},"end":{"line":31,"column":3}},"line":27},"4":{"name":"(anonymous_4)","decl":{"start":{"line":34,"column":2},"end":{"line":34,"column":3}},"loc":{"start":{"line":34,"column":30},"end":{"line":41,"column":3}},"line":34},"5":{"name":"(anonymous_5)","decl":{"start":{"line":62,"column":2},"end":{"line":62,"column":3}},"loc":{"start":{"line":62,"column":24},"end":{"line":85,"column":3}},"line":62},"6":{"name":"(anonymous_6)","decl":{"start":{"line":88,"column":2},"end":{"line":88,"column":3}},"loc":{"start":{"line":88,"column":25},"end":{"line":93,"column":3}},"line":88},"7":{"name":"(anonymous_7)","decl":{"start":{"line":96,"column":2},"end":{"line":96,"column":3}},"loc":{"start":{"line":96,"column":22},"end":{"line":105,"column":3}},"line":96},"8":{"name":"(anonymous_8)","decl":{"start":{"line":108,"column":2},"end":{"line":108,"column":3}},"loc":{"start":{"line":108,"column":37},"end":{"line":125,"column":3}},"line":108},"9":{"name":"(anonymous_9)","decl":{"start":{"line":128,"column":2},"end":{"line":128,"column":3}},"loc":{"start":{"line":128,"column":31},"end":{"line":136,"column":3}},"line":128},"10":{"name":"(anonymous_10)","decl":{"start":{"line":141,"column":2},"end":{"line":141,"column":3}},"loc":{"start":{"line":141,"column":16},"end":{"line":143,"column":3}},"line":141},"11":{"name":"(anonymous_11)","decl":{"start":{"line":146,"column":2},"end":{"line":146,"column":3}},"loc":{"start":{"line":146,"column":40},"end":{"line":148,"column":3}},"line":146},"12":{"name":"(anonymous_12)","decl":{"start":{"line":151,"column":2},"end":{"line":151,"column":3}},"loc":{"start":{"line":151,"column":20},"end":{"line":236,"column":3}},"line":151},"13":{"name":"(anonymous_13)","decl":{"start":{"line":154,"column":33},"end":{"line":154,"column":34}},"loc":{"start":{"line":154,"column":68},"end":{"line":166,"column":7}},"line":154},"14":{"name":"(anonymous_14)","decl":{"start":{"line":168,"column":28},"end":{"line":168,"column":29}},"loc":{"start":{"line":168,"column":63},"end":{"line":179,"column":7}},"line":168},"15":{"name":"(anonymous_15)","decl":{"start":{"line":181,"column":29},"end":{"line":181,"column":30}},"loc":{"start":{"line":181,"column":78},"end":{"line":192,"column":7}},"line":181},"16":{"name":"(anonymous_16)","decl":{"start":{"line":194,"column":34},"end":{"line":194,"column":35}},"loc":{"start":{"line":194,"column":69},"end":{"line":206,"column":7}},"line":194},"17":{"name":"(anonymous_17)","decl":{"start":{"line":208,"column":29},"end":{"line":208,"column":30}},"loc":{"start":{"line":208,"column":64},"end":{"line":220,"column":7}},"line":208},"18":{"name":"(anonymous_18)","decl":{"start":{"line":222,"column":34},"end":{"line":222,"column":35}},"loc":{"start":{"line":222,"column":69},"end":{"line":234,"column":7}},"line":222}},"branchMap":{"0":{"loc":{"start":{"line":100,"column":4},"end":{"line":104,"column":5}},"type":"if","locations":[{"start":{"line":100,"column":4},"end":{"line":104,"column":5}},{"start":{"line":102,"column":11},"end":{"line":104,"column":5}}],"line":100},"1":{"loc":{"start":{"line":117,"column":4},"end":{"line":122,"column":5}},"type":"if","locations":[{"start":{"line":117,"column":4},"end":{"line":122,"column":5}},{"start":{"line":120,"column":11},"end":{"line":122,"column":5}}],"line":117},"2":{"loc":{"start":{"line":130,"column":4},"end":{"line":135,"column":5}},"type":"if","locations":[{"start":{"line":130,"column":4},"end":{"line":135,"column":5}},{"start":{"line":132,"column":11},"end":{"line":135,"column":5}}],"line":130},"3":{"loc":{"start":{"line":158,"column":8},"end":{"line":165,"column":9}},"type":"if","locations":[{"start":{"line":158,"column":8},"end":{"line":165,"column":9}},{"start":{"line":163,"column":15},"end":{"line":165,"column":9}}],"line":158},"4":{"loc":{"start":{"line":172,"column":8},"end":{"line":178,"column":9}},"type":"if","locations":[{"start":{"line":172,"column":8},"end":{"line":178,"column":9}},{"start":{"line":176,"column":15},"end":{"line":178,"column":9}}],"line":172},"5":{"loc":{"start":{"line":185,"column":8},"end":{"line":191,"column":9}},"type":"if","locations":[{"start":{"line":185,"column":8},"end":{"line":191,"column":9}},{"start":{"line":189,"column":15},"end":{"line":191,"column":9}}],"line":185},"6":{"loc":{"start":{"line":198,"column":8},"end":{"line":205,"column":9}},"type":"if","locations":[{"start":{"line":198,"column":8},"end":{"line":205,"column":9}},{"start":{"line":203,"column":15},"end":{"line":205,"column":9}}],"line":198},"7":{"loc":{"start":{"line":212,"column":8},"end":{"line":219,"column":9}},"type":"if","locations":[{"start":{"line":212,"column":8},"end":{"line":219,"column":9}},{"start":{"line":217,"column":15},"end":{"line":219,"column":9}}],"line":212},"8":{"loc":{"start":{"line":226,"column":8},"end":{"line":233,"column":9}},"type":"if","locations":[{"start":{"line":226,"column":8},"end":{"line":233,"column":9}},{"start":{"line":231,"column":15},"end":{"line":233,"column":9}}],"line":226}},"s":{"0":0,"1":0,"2":0,"3":0,"4":0,"5":0,"6":0,"7":0,"8":0,"9":0,"10":0,"11":0,"12":0,"13":0,"14":0,"15":0,"16":0,"17":0,"18":0,"19":0,"20":0,"21":0,"22":0,"23":0,"24":0,"25":0,"26":0,"27":0,"28":0,"29":0,"30":0,"31":0,"32":0,"33":0,"34":0,"35":0,"36":0,"37":0,"38":0,"39":0,"40":0,"41":0,"42":0,"43":0,"44":0,"45":0,"46":0,"47":0,"48":0,"49":0,"50":0,"51":0,"52":0,"53":0,"54":0,"55":0,"56":0,"57":0,"58":0,"59":0,"60":0,"61":0,"62":0,"63":0,"64":0,"65":0,"66":0,"67":0,"68":0,"69":0,"70":0,"71":0,"72":0,"73":0,"74":0,"75":0,"76":0,"77":0,"78":0,"79":0,"80":0,"81":0,"82":0,"83":0},"f":{"0":0,"1":0,"2":0,"3":0,"4":0,"5":0,"6":0,"7":0,"8":0,"9":0,"10":0,"11":0,"12":0,"13":0,"14":0,"15":0,"16":0,"17":0,"18":0},"b":{"0":[0,0],"1":[0,0],"2":[0,0],"3":[0,0],"4":[0,0],"5":[0,0],"6":[0,0],"7":[0,0],"8":[0,0]},"_coverageSchema":"1a1c01bbd47fc00a2c39e90264f33305004495a9","hash":"c3184acb05c35a87b7c3e9cc7b6b4651ffb3a4fb"}
,"/home/Carter/Documents/GitHub/nerts/server/src/models/hand.js": {"path":"/home/Carter/Documents/GitHub/nerts/server/src/models/hand.js","statementMap":{"0":{"start":{"line":6,"column":4},"end":{"line":6,"column":37}},"1":{"start":{"line":7,"column":4},"end":{"line":7,"column":25}},"2":{"start":{"line":8,"column":4},"end":{"line":8,"column":35}},"3":{"start":{"line":10,"column":4},"end":{"line":10,"column":55}},"4":{"start":{"line":15,"column":17},"end":{"line":15,"column":27}},"5":{"start":{"line":17,"column":4},"end":{"line":17,"column":71}},"6":{"start":{"line":20,"column":4},"end":{"line":22,"column":5}},"7":{"start":{"line":20,"column":17},"end":{"line":20,"column":18}},"8":{"start":{"line":21,"column":6},"end":{"line":21,"column":62}},"9":{"start":{"line":24,"column":4},"end":{"line":24,"column":55}},"10":{"start":{"line":31,"column":4},"end":{"line":31,"column":59}},"11":{"start":{"line":32,"column":4},"end":{"line":32,"column":61}},"12":{"start":{"line":33,"column":4},"end":{"line":33,"column":41}},"13":{"start":{"line":39,"column":15},"end":{"line":39,"column":17}},"14":{"start":{"line":40,"column":4},"end":{"line":44,"column":5}},"15":{"start":{"line":41,"column":6},"end":{"line":43,"column":7}},"16":{"start":{"line":42,"column":8},"end":{"line":42,"column":40}},"17":{"start":{"line":47,"column":4},"end":{"line":50,"column":5}},"18":{"start":{"line":47,"column":17},"end":{"line":47,"column":32}},"19":{"start":{"line":48,"column":16},"end":{"line":48,"column":51}},"20":{"start":{"line":49,"column":6},"end":{"line":49,"column":46}},"21":{"start":{"line":51,"column":4},"end":{"line":51,"column":16}},"22":{"start":{"line":58,"column":4},"end":{"line":58,"column":21}},"23":{"start":{"line":59,"column":4},"end":{"line":59,"column":21}},"24":{"start":{"line":60,"column":4},"end":{"line":60,"column":56}},"25":{"start":{"line":64,"column":4},"end":{"line":64,"column":39}}},"fnMap":{"0":{"name":"(anonymous_0)","decl":{"start":{"line":5,"column":2},"end":{"line":5,"column":3}},"loc":{"start":{"line":5,"column":53},"end":{"line":11,"column":3}},"line":5},"1":{"name":"(anonymous_1)","decl":{"start":{"line":14,"column":2},"end":{"line":14,"column":3}},"loc":{"start":{"line":14,"column":48},"end":{"line":25,"column":3}},"line":14},"2":{"name":"(anonymous_2)","decl":{"start":{"line":30,"column":2},"end":{"line":30,"column":3}},"loc":{"start":{"line":30,"column":16},"end":{"line":34,"column":3}},"line":30},"3":{"name":"(anonymous_3)","decl":{"start":{"line":37,"column":2},"end":{"line":37,"column":3}},"loc":{"start":{"line":37,"column":21},"end":{"line":52,"column":3}},"line":37},"4":{"name":"(anonymous_4)","decl":{"start":{"line":57,"column":2},"end":{"line":57,"column":3}},"loc":{"start":{"line":57,"column":26},"end":{"line":61,"column":3}},"line":57},"5":{"name":"(anonymous_5)","decl":{"start":{"line":63,"column":2},"end":{"line":63,"column":3}},"loc":{"start":{"line":63,"column":13},"end":{"line":65,"column":3}},"line":63}},"branchMap":{"0":{"loc":{"start":{"line":5,"column":14},"end":{"line":5,"column":32}},"type":"default-arg","locations":[{"start":{"line":5,"column":30},"end":{"line":5,"column":32}}],"line":5},"1":{"loc":{"start":{"line":5,"column":34},"end":{"line":5,"column":51}},"type":"default-arg","locations":[{"start":{"line":5,"column":50},"end":{"line":5,"column":51}}],"line":5},"2":{"loc":{"start":{"line":60,"column":17},"end":{"line":60,"column":55}},"type":"binary-expr","locations":[{"start":{"line":60,"column":17},"end":{"line":60,"column":35}},{"start":{"line":60,"column":39},"end":{"line":60,"column":55}}],"line":60}},"s":{"0":8,"1":8,"2":8,"3":8,"4":8,"5":8,"6":8,"7":8,"8":34,"9":8,"10":9,"11":9,"12":9,"13":9,"14":9,"15":36,"16":468,"17":9,"18":9,"19":459,"20":459,"21":9,"22":469,"23":469,"24":469,"25":105},"f":{"0":8,"1":8,"2":9,"3":9,"4":469,"5":105},"b":{"0":[6],"1":[6],"2":[469,352]},"_coverageSchema":"1a1c01bbd47fc00a2c39e90264f33305004495a9","hash":"635d59724ce8671bd1744a218adc8ad8caf2946c"}
,"/home/Carter/Documents/GitHub/nerts/server/src/models/piles.js": {"path":"/home/Carter/Documents/GitHub/nerts/server/src/models/piles.js","statementMap":{"0":{"start":{"line":4,"column":4},"end":{"line":4,"column":23}},"1":{"start":{"line":5,"column":4},"end":{"line":5,"column":28}},"2":{"start":{"line":10,"column":4},"end":{"line":10,"column":23}},"3":{"start":{"line":15,"column":4},"end":{"line":15,"column":28}},"4":{"start":{"line":20,"column":4},"end":{"line":20,"column":29}},"5":{"start":{"line":25,"column":4},"end":{"line":25,"column":37}},"6":{"start":{"line":32,"column":4},"end":{"line":32,"column":23}},"7":{"start":{"line":33,"column":4},"end":{"line":33,"column":37}},"8":{"start":{"line":34,"column":4},"end":{"line":34,"column":27}},"9":{"start":{"line":39,"column":4},"end":{"line":39,"column":23}},"10":{"start":{"line":44,"column":27},"end":{"line":44,"column":70}},"11":{"start":{"line":46,"column":4},"end":{"line":55,"column":5}},"12":{"start":{"line":48,"column":6},"end":{"line":48,"column":29}},"13":{"start":{"line":49,"column":11},"end":{"line":55,"column":5}},"14":{"start":{"line":51,"column":6},"end":{"line":51,"column":48}},"15":{"start":{"line":52,"column":11},"end":{"line":55,"column":5}},"16":{"start":{"line":54,"column":6},"end":{"line":54,"column":29}},"17":{"start":{"line":56,"column":4},"end":{"line":56,"column":41}},"18":{"start":{"line":61,"column":17},"end":{"line":61,"column":56}},"19":{"start":{"line":62,"column":4},"end":{"line":62,"column":24}},"20":{"start":{"line":63,"column":4},"end":{"line":63,"column":16}},"21":{"start":{"line":68,"column":4},"end":{"line":68,"column":41}},"22":{"start":{"line":73,"column":4},"end":{"line":73,"column":55}},"23":{"start":{"line":80,"column":4},"end":{"line":80,"column":23}},"24":{"start":{"line":81,"column":4},"end":{"line":81,"column":28}},"25":{"start":{"line":86,"column":4},"end":{"line":86,"column":23}},"26":{"start":{"line":91,"column":4},"end":{"line":91,"column":36}},"27":{"start":{"line":96,"column":4},"end":{"line":96,"column":35}},"28":{"start":{"line":101,"column":4},"end":{"line":116,"column":5}},"29":{"start":{"line":103,"column":6},"end":{"line":105,"column":9}},"30":{"start":{"line":104,"column":8},"end":{"line":104,"column":30}},"31":{"start":{"line":106,"column":11},"end":{"line":116,"column":5}},"32":{"start":{"line":111,"column":6},"end":{"line":113,"column":9}},"33":{"start":{"line":112,"column":8},"end":{"line":112,"column":30}},"34":{"start":{"line":115,"column":6},"end":{"line":115,"column":19}},"35":{"start":{"line":117,"column":4},"end":{"line":117,"column":16}},"36":{"start":{"line":122,"column":4},"end":{"line":122,"column":37}},"37":{"start":{"line":129,"column":4},"end":{"line":129,"column":23}},"38":{"start":{"line":130,"column":4},"end":{"line":130,"column":21}},"39":{"start":{"line":131,"column":4},"end":{"line":131,"column":33}},"40":{"start":{"line":136,"column":4},"end":{"line":136,"column":29}},"41":{"start":{"line":142,"column":4},"end":{"line":158,"column":5}},"42":{"start":{"line":144,"column":6},"end":{"line":150,"column":7}},"43":{"start":{"line":146,"column":8},"end":{"line":146,"column":30}},"44":{"start":{"line":147,"column":8},"end":{"line":147,"column":30}},"45":{"start":{"line":149,"column":8},"end":{"line":149,"column":21}},"46":{"start":{"line":153,"column":6},"end":{"line":157,"column":7}},"47":{"start":{"line":154,"column":8},"end":{"line":154,"column":30}},"48":{"start":{"line":156,"column":8},"end":{"line":156,"column":21}},"49":{"start":{"line":159,"column":4},"end":{"line":159,"column":16}},"50":{"start":{"line":164,"column":4},"end":{"line":164,"column":53}}},"fnMap":{"0":{"name":"(anonymous_0)","decl":{"start":{"line":3,"column":2},"end":{"line":3,"column":3}},"loc":{"start":{"line":3,"column":26},"end":{"line":6,"column":3}},"line":3},"1":{"name":"(anonymous_1)","decl":{"start":{"line":9,"column":2},"end":{"line":9,"column":3}},"loc":{"start":{"line":9,"column":24},"end":{"line":11,"column":3}},"line":9},"2":{"name":"(anonymous_2)","decl":{"start":{"line":14,"column":2},"end":{"line":14,"column":3}},"loc":{"start":{"line":14,"column":13},"end":{"line":16,"column":3}},"line":14},"3":{"name":"(anonymous_3)","decl":{"start":{"line":19,"column":2},"end":{"line":19,"column":3}},"loc":{"start":{"line":19,"column":12},"end":{"line":21,"column":3}},"line":19},"4":{"name":"(anonymous_4)","decl":{"start":{"line":24,"column":2},"end":{"line":24,"column":3}},"loc":{"start":{"line":24,"column":10},"end":{"line":26,"column":3}},"line":24},"5":{"name":"(anonymous_5)","decl":{"start":{"line":31,"column":2},"end":{"line":31,"column":3}},"loc":{"start":{"line":31,"column":45},"end":{"line":35,"column":3}},"line":31},"6":{"name":"(anonymous_6)","decl":{"start":{"line":38,"column":2},"end":{"line":38,"column":3}},"loc":{"start":{"line":38,"column":24},"end":{"line":40,"column":3}},"line":38},"7":{"name":"(anonymous_7)","decl":{"start":{"line":43,"column":2},"end":{"line":43,"column":3}},"loc":{"start":{"line":43,"column":9},"end":{"line":57,"column":3}},"line":43},"8":{"name":"(anonymous_8)","decl":{"start":{"line":60,"column":2},"end":{"line":60,"column":3}},"loc":{"start":{"line":60,"column":13},"end":{"line":64,"column":3}},"line":60},"9":{"name":"(anonymous_9)","decl":{"start":{"line":67,"column":2},"end":{"line":67,"column":3}},"loc":{"start":{"line":67,"column":12},"end":{"line":69,"column":3}},"line":67},"10":{"name":"(anonymous_10)","decl":{"start":{"line":72,"column":2},"end":{"line":72,"column":3}},"loc":{"start":{"line":72,"column":10},"end":{"line":74,"column":3}},"line":72},"11":{"name":"(anonymous_11)","decl":{"start":{"line":79,"column":2},"end":{"line":79,"column":3}},"loc":{"start":{"line":79,"column":26},"end":{"line":82,"column":3}},"line":79},"12":{"name":"(anonymous_12)","decl":{"start":{"line":85,"column":2},"end":{"line":85,"column":3}},"loc":{"start":{"line":85,"column":24},"end":{"line":87,"column":3}},"line":85},"13":{"name":"(anonymous_13)","decl":{"start":{"line":90,"column":2},"end":{"line":90,"column":3}},"loc":{"start":{"line":90,"column":19},"end":{"line":92,"column":3}},"line":90},"14":{"name":"(anonymous_14)","decl":{"start":{"line":95,"column":2},"end":{"line":95,"column":3}},"loc":{"start":{"line":95,"column":18},"end":{"line":97,"column":3}},"line":95},"15":{"name":"(anonymous_15)","decl":{"start":{"line":100,"column":2},"end":{"line":100,"column":3}},"loc":{"start":{"line":100,"column":18},"end":{"line":118,"column":3}},"line":100},"16":{"name":"(anonymous_16)","decl":{"start":{"line":103,"column":20},"end":{"line":103,"column":21}},"loc":{"start":{"line":103,"column":30},"end":{"line":105,"column":7}},"line":103},"17":{"name":"(anonymous_17)","decl":{"start":{"line":111,"column":20},"end":{"line":111,"column":21}},"loc":{"start":{"line":111,"column":30},"end":{"line":113,"column":7}},"line":111},"18":{"name":"(anonymous_18)","decl":{"start":{"line":121,"column":2},"end":{"line":121,"column":3}},"loc":{"start":{"line":121,"column":10},"end":{"line":123,"column":3}},"line":121},"19":{"name":"(anonymous_19)","decl":{"start":{"line":128,"column":2},"end":{"line":128,"column":3}},"loc":{"start":{"line":128,"column":39},"end":{"line":132,"column":3}},"line":128},"20":{"name":"(anonymous_20)","decl":{"start":{"line":135,"column":2},"end":{"line":135,"column":3}},"loc":{"start":{"line":135,"column":12},"end":{"line":137,"column":3}},"line":135},"21":{"name":"(anonymous_21)","decl":{"start":{"line":140,"column":2},"end":{"line":140,"column":3}},"loc":{"start":{"line":140,"column":16},"end":{"line":160,"column":3}},"line":140},"22":{"name":"(anonymous_22)","decl":{"start":{"line":163,"column":2},"end":{"line":163,"column":3}},"loc":{"start":{"line":163,"column":10},"end":{"line":165,"column":3}},"line":163}},"branchMap":{"0":{"loc":{"start":{"line":3,"column":14},"end":{"line":3,"column":24}},"type":"default-arg","locations":[{"start":{"line":3,"column":22},"end":{"line":3,"column":24}}],"line":3},"1":{"loc":{"start":{"line":31,"column":14},"end":{"line":31,"column":24}},"type":"default-arg","locations":[{"start":{"line":31,"column":22},"end":{"line":31,"column":24}}],"line":31},"2":{"loc":{"start":{"line":31,"column":26},"end":{"line":31,"column":43}},"type":"default-arg","locations":[{"start":{"line":31,"column":41},"end":{"line":31,"column":43}}],"line":31},"3":{"loc":{"start":{"line":46,"column":4},"end":{"line":55,"column":5}},"type":"if","locations":[{"start":{"line":46,"column":4},"end":{"line":55,"column":5}},{"start":{"line":49,"column":11},"end":{"line":55,"column":5}}],"line":46},"4":{"loc":{"start":{"line":49,"column":11},"end":{"line":55,"column":5}},"type":"if","locations":[{"start":{"line":49,"column":11},"end":{"line":55,"column":5}},{"start":{"line":52,"column":11},"end":{"line":55,"column":5}}],"line":49},"5":{"loc":{"start":{"line":52,"column":11},"end":{"line":55,"column":5}},"type":"if","locations":[{"start":{"line":52,"column":11},"end":{"line":55,"column":5}},{"start":{},"end":{}}],"line":52},"6":{"loc":{"start":{"line":79,"column":14},"end":{"line":79,"column":24}},"type":"default-arg","locations":[{"start":{"line":79,"column":22},"end":{"line":79,"column":24}}],"line":79},"7":{"loc":{"start":{"line":101,"column":4},"end":{"line":116,"column":5}},"type":"if","locations":[{"start":{"line":101,"column":4},"end":{"line":116,"column":5}},{"start":{"line":106,"column":11},"end":{"line":116,"column":5}}],"line":101},"8":{"loc":{"start":{"line":106,"column":11},"end":{"line":116,"column":5}},"type":"if","locations":[{"start":{"line":106,"column":11},"end":{"line":116,"column":5}},{"start":{"line":114,"column":11},"end":{"line":116,"column":5}}],"line":106},"9":{"loc":{"start":{"line":107,"column":6},"end":{"line":108,"column":47}},"type":"binary-expr","locations":[{"start":{"line":107,"column":6},"end":{"line":107,"column":49}},{"start":{"line":108,"column":6},"end":{"line":108,"column":47}}],"line":107},"10":{"loc":{"start":{"line":128,"column":14},"end":{"line":128,"column":24}},"type":"default-arg","locations":[{"start":{"line":128,"column":22},"end":{"line":128,"column":24}}],"line":128},"11":{"loc":{"start":{"line":128,"column":26},"end":{"line":128,"column":37}},"type":"default-arg","locations":[{"start":{"line":128,"column":33},"end":{"line":128,"column":37}}],"line":128},"12":{"loc":{"start":{"line":142,"column":4},"end":{"line":158,"column":5}},"type":"if","locations":[{"start":{"line":142,"column":4},"end":{"line":158,"column":5}},{"start":{"line":151,"column":11},"end":{"line":158,"column":5}}],"line":142},"13":{"loc":{"start":{"line":144,"column":6},"end":{"line":150,"column":7}},"type":"if","locations":[{"start":{"line":144,"column":6},"end":{"line":150,"column":7}},{"start":{"line":148,"column":13},"end":{"line":150,"column":7}}],"line":144},"14":{"loc":{"start":{"line":153,"column":6},"end":{"line":157,"column":7}},"type":"if","locations":[{"start":{"line":153,"column":6},"end":{"line":157,"column":7}},{"start":{"line":155,"column":13},"end":{"line":157,"column":7}}],"line":153},"15":{"loc":{"start":{"line":153,"column":10},"end":{"line":153,"column":75}},"type":"binary-expr","locations":[{"start":{"line":153,"column":10},"end":{"line":153,"column":49}},{"start":{"line":153,"column":53},"end":{"line":153,"column":75}}],"line":153}},"s":{"0":8,"1":8,"2":8,"3":0,"4":0,"5":0,"6":8,"7":8,"8":8,"9":8,"10":0,"11":0,"12":0,"13":0,"14":0,"15":0,"16":0,"17":0,"18":0,"19":0,"20":0,"21":0,"22":0,"23":34,"24":34,"25":0,"26":0,"27":0,"28":0,"29":0,"30":0,"31":0,"32":0,"33":0,"34":0,"35":0,"36":0,"37":0,"38":0,"39":0,"40":0,"41":0,"42":0,"43":0,"44":0,"45":0,"46":0,"47":0,"48":0,"49":0,"50":0},"f":{"0":8,"1":8,"2":0,"3":0,"4":0,"5":8,"6":8,"7":0,"8":0,"9":0,"10":0,"11":34,"12":0,"13":0,"14":0,"15":0,"16":0,"17":0,"18":0,"19":0,"20":0,"21":0,"22":0},"b":{"0":[8],"1":[8],"2":[8],"3":[0,0],"4":[0,0],"5":[0,0],"6":[0],"7":[0,0],"8":[0,0],"9":[0,0],"10":[0],"11":[0],"12":[0,0],"13":[0,0],"14":[0,0],"15":[0,0]},"_coverageSchema":"1a1c01bbd47fc00a2c39e90264f33305004495a9","hash":"7dea4dcf0bf5535425d0bacbdb1d0cec3b0cff81"}
,"/home/Carter/Documents/GitHub/nerts/server/src/models/player.js": {"path":"/home/Carter/Documents/GitHub/nerts/server/src/models/player.js","statementMap":{"0":{"start":{"line":5,"column":4},"end":{"line":5,"column":29}},"1":{"start":{"line":6,"column":4},"end":{"line":6,"column":27}},"2":{"start":{"line":7,"column":4},"end":{"line":7,"column":26}},"3":{"start":{"line":8,"column":4},"end":{"line":8,"column":23}},"4":{"start":{"line":10,"column":4},"end":{"line":10,"column":29}},"5":{"start":{"line":15,"column":24},"end":{"line":15,"column":26}},"6":{"start":{"line":18,"column":22},"end":{"line":18,"column":51}},"7":{"start":{"line":19,"column":4},"end":{"line":19,"column":66}},"8":{"start":{"line":21,"column":4},"end":{"line":24,"column":5}},"9":{"start":{"line":22,"column":23},"end":{"line":22,"column":51}},"10":{"start":{"line":23,"column":6},"end":{"line":23,"column":66}},"11":{"start":{"line":27,"column":4},"end":{"line":45,"column":5}},"12":{"start":{"line":28,"column":22},"end":{"line":28,"column":23}},"13":{"start":{"line":32,"column":6},"end":{"line":44,"column":7}},"14":{"start":{"line":33,"column":24},"end":{"line":33,"column":25}},"15":{"start":{"line":37,"column":8},"end":{"line":43,"column":10}},"16":{"start":{"line":46,"column":4},"end":{"line":46,"column":35}}},"fnMap":{"0":{"name":"(anonymous_0)","decl":{"start":{"line":4,"column":2},"end":{"line":4,"column":3}},"loc":{"start":{"line":4,"column":35},"end":{"line":11,"column":3}},"line":4},"1":{"name":"(anonymous_1)","decl":{"start":{"line":14,"column":2},"end":{"line":14,"column":3}},"loc":{"start":{"line":14,"column":22},"end":{"line":47,"column":3}},"line":14}},"branchMap":{"0":{"loc":{"start":{"line":4,"column":24},"end":{"line":4,"column":33}},"type":"default-arg","locations":[{"start":{"line":4,"column":32},"end":{"line":4,"column":33}}],"line":4},"1":{"loc":{"start":{"line":21,"column":4},"end":{"line":24,"column":5}},"type":"if","locations":[{"start":{"line":21,"column":4},"end":{"line":24,"column":5}},{"start":{},"end":{}}],"line":21}},"s":{"0":0,"1":0,"2":0,"3":0,"4":0,"5":0,"6":0,"7":0,"8":0,"9":0,"10":0,"11":0,"12":0,"13":0,"14":0,"15":0,"16":0},"f":{"0":0,"1":0},"b":{"0":[0],"1":[0,0]},"_coverageSchema":"1a1c01bbd47fc00a2c39e90264f33305004495a9","hash":"ed9c7fe646f679271c9585260fd18996211827f7"}
}
