TN:
SF:src/game/gameManager.js
FN:6,(anonymous_0)
FN:11,(anonymous_1)
FN:24,(anonymous_2)
FN:33,(anonymous_3)
FN:45,(anonymous_4)
FN:52,(anonymous_5)
FN:80,(anonymous_6)
FN:106,(anonymous_7)
FN:114,(anonymous_8)
FN:126,(anonymous_9)
FN:146,(anonymous_10)
FN:159,(anonymous_11)
FN:164,(anonymous_12)
FN:169,(anonymous_13)
FN:172,(anonymous_14)
FN:186,(anonymous_15)
FN:199,(anonymous_16)
FN:212,(anonymous_17)
FN:226,(anonymous_18)
FN:240,(anonymous_19)
FNF:20
FNH:15
FNDA:8,(anonymous_0)
FNDA:9,(anonymous_1)
FNDA:4,(anonymous_2)
FNDA:4,(anonymous_3)
FNDA:17,(anonymous_4)
FNDA:19,(anonymous_5)
FNDA:1,(anonymous_6)
FNDA:26,(anonymous_7)
FNDA:2,(anonymous_8)
FNDA:1,(anonymous_9)
FNDA:1,(anonymous_10)
FNDA:17,(anonymous_11)
FNDA:1,(anonymous_12)
FNDA:17,(anonymous_13)
FNDA:1,(anonymous_14)
FNDA:0,(anonymous_15)
FNDA:0,(anonymous_16)
FNDA:0,(anonymous_17)
FNDA:0,(anonymous_18)
FNDA:0,(anonymous_19)
DA:7,8
DA:15,9
DA:16,9
DA:19,9
DA:20,9
DA:26,4
DA:27,1
DA:30,3
DA:33,3
DA:34,4
DA:35,4
DA:38,3
DA:39,3
DA:46,17
DA:47,17
DA:48,17
DA:53,19
DA:56,19
DA:57,76
DA:81,1
DA:84,1
DA:88,1
DA:91,1
DA:97,1
DA:100,1
DA:102,1
DA:107,26
DA:108,26
DA:109,26
DA:110,26
DA:115,2
DA:118,2
DA:119,1
DA:121,1
DA:127,1
DA:128,1
DA:135,1
DA:136,0
DA:137,0
DA:139,1
DA:142,1
DA:148,1
DA:149,0
DA:152,1
DA:160,17
DA:165,1
DA:170,17
DA:173,1
DA:176,1
DA:177,1
DA:178,1
DA:179,1
DA:180,1
DA:182,0
DA:187,0
DA:190,0
DA:191,0
DA:192,0
DA:193,0
DA:195,0
DA:200,0
DA:203,0
DA:204,0
DA:205,0
DA:206,0
DA:208,0
DA:213,0
DA:216,0
DA:217,0
DA:218,0
DA:219,0
DA:220,0
DA:222,0
DA:227,0
DA:230,0
DA:231,0
DA:232,0
DA:233,0
DA:234,0
DA:236,0
DA:241,0
DA:244,0
DA:245,0
DA:246,0
DA:247,0
DA:248,0
DA:250,0
LF:87
LH:50
BRDA:26,0,0,1
BRDA:26,0,1,3
BRDA:118,1,0,1
BRDA:118,1,1,1
BRDA:135,2,0,0
BRDA:135,2,1,1
BRDA:148,3,0,0
BRDA:148,3,1,1
BRDA:176,4,0,1
BRDA:176,4,1,0
BRDA:190,5,0,0
BRDA:190,5,1,0
BRDA:203,6,0,0
BRDA:203,6,1,0
BRDA:216,7,0,0
BRDA:216,7,1,0
BRDA:230,8,0,0
BRDA:230,8,1,0
BRDA:244,9,0,0
BRDA:244,9,1,0
BRF:20
BRH:7
end_of_record
TN:
SF:src/models/hand.js
FN:5,(anonymous_0)
FN:14,(anonymous_1)
FN:30,(anonymous_2)
FN:37,(anonymous_3)
FN:57,(anonymous_4)
FN:63,(anonymous_5)
FNF:6
FNH:6
FNDA:27,(anonymous_0)
FNDA:27,(anonymous_1)
FNDA:28,(anonymous_2)
FNDA:28,(anonymous_3)
FNDA:1519,(anonymous_4)
FNDA:358,(anonymous_5)
DA:6,27
DA:7,27
DA:8,27
DA:10,27
DA:15,27
DA:17,27
DA:20,27
DA:21,110
DA:24,27
DA:31,28
DA:32,28
DA:33,28
DA:39,28
DA:40,28
DA:41,112
DA:42,1456
DA:47,28
DA:48,1428
DA:49,1428
DA:51,28
DA:58,1519
DA:59,1519
DA:60,1519
DA:64,358
LF:24
LH:24
BRDA:5,0,0,25
BRDA:5,1,0,25
BRDA:60,2,0,1519
BRDA:60,2,1,1141
BRF:4
BRH:4
end_of_record
TN:
SF:src/models/piles.js
FN:3,(anonymous_0)
FN:9,(anonymous_1)
FN:14,(anonymous_2)
FN:19,(anonymous_3)
FN:24,(anonymous_4)
FN:31,(anonymous_5)
FN:38,(anonymous_6)
FN:43,(anonymous_7)
FN:61,(anonymous_8)
FN:68,(anonymous_9)
FN:73,(anonymous_10)
FN:80,(anonymous_11)
FN:86,(anonymous_12)
FN:91,(anonymous_13)
FN:96,(anonymous_14)
FN:101,(anonymous_15)
FN:104,(anonymous_16)
FN:112,(anonymous_17)
FN:122,(anonymous_18)
FN:129,(anonymous_19)
FN:136,(anonymous_20)
FN:141,(anonymous_21)
FN:164,(anonymous_22)
FNF:23
FNH:11
FNDA:27,(anonymous_0)
FNDA:27,(anonymous_1)
FNDA:0,(anonymous_2)
FNDA:46,(anonymous_3)
FNDA:0,(anonymous_4)
FNDA:27,(anonymous_5)
FNDA:27,(anonymous_6)
FNDA:26,(anonymous_7)
FNDA:1,(anonymous_8)
FNDA:24,(anonymous_9)
FNDA:0,(anonymous_10)
FNDA:110,(anonymous_11)
FNDA:0,(anonymous_12)
FNDA:0,(anonymous_13)
FNDA:0,(anonymous_14)
FNDA:0,(anonymous_15)
FNDA:0,(anonymous_16)
FNDA:0,(anonymous_17)
FNDA:0,(anonymous_18)
FNDA:76,(anonymous_19)
FNDA:0,(anonymous_20)
FNDA:1,(anonymous_21)
FNDA:0,(anonymous_22)
DA:4,27
DA:5,27
DA:10,27
DA:15,0
DA:20,46
DA:25,0
DA:32,27
DA:33,27
DA:34,27
DA:39,27
DA:44,26
DA:46,26
DA:48,19
DA:49,7
DA:51,3
DA:52,4
DA:54,4
DA:55,4
DA:57,22
DA:62,1
DA:63,1
DA:64,1
DA:69,24
DA:74,0
DA:81,110
DA:82,110
DA:87,0
DA:92,0
DA:97,0
DA:102,0
DA:104,0
DA:105,0
DA:107,0
DA:112,0
DA:113,0
DA:116,0
DA:118,0
DA:123,0
DA:130,76
DA:131,76
DA:132,76
DA:137,0
DA:143,1
DA:145,1
DA:147,1
DA:148,1
DA:150,0
DA:154,0
DA:155,0
DA:157,0
DA:160,1
DA:165,0
LF:52
LH:31
BRDA:3,0,0,27
BRDA:31,1,0,27
BRDA:31,2,0,27
BRDA:46,3,0,19
BRDA:46,3,1,7
BRDA:49,4,0,3
BRDA:49,4,1,4
BRDA:52,5,0,4
BRDA:52,5,1,0
BRDA:80,6,0,0
BRDA:102,7,0,0
BRDA:102,7,1,0
BRDA:107,8,0,0
BRDA:107,8,1,0
BRDA:108,9,0,0
BRDA:108,9,1,0
BRDA:129,10,0,76
BRDA:129,11,0,76
BRDA:143,12,0,1
BRDA:143,12,1,0
BRDA:145,13,0,1
BRDA:145,13,1,0
BRDA:154,14,0,0
BRDA:154,14,1,0
BRDA:154,15,0,0
BRDA:154,15,1,0
BRF:26
BRH:12
end_of_record
TN:
SF:src/models/player.js
FN:4,(anonymous_0)
FN:14,(anonymous_1)
FNF:2
FNH:2
FNDA:19,(anonymous_0)
FNDA:46,(anonymous_1)
DA:5,19
DA:6,19
DA:7,19
DA:8,19
DA:10,19
DA:15,46
DA:18,46
DA:19,46
DA:21,46
DA:22,23
DA:23,23
DA:27,46
DA:28,46
DA:32,184
DA:33,184
DA:37,184
DA:46,46
LF:17
LH:17
BRDA:4,0,0,19
BRDA:21,1,0,23
BRDA:21,1,1,23
BRF:3
BRH:3
end_of_record
