TN:
SF:src/game/gameManager.js
FN:6,(anonymous_0)
FN:11,(anonymous_1)
FN:15,(anonymous_2)
FN:27,(anonymous_3)
FN:34,(anonymous_4)
FN:62,(anonymous_5)
FN:88,(anonymous_6)
FN:96,(anonymous_7)
FN:108,(anonymous_8)
FN:128,(anonymous_9)
FN:141,(anonymous_10)
FN:146,(anonymous_11)
FN:151,(anonymous_12)
FN:154,(anonymous_13)
FN:168,(anonymous_14)
FN:181,(anonymous_15)
FN:194,(anonymous_16)
FN:208,(anonymous_17)
FN:222,(anonymous_18)
FNF:19
FNH:0
FNDA:0,(anonymous_0)
FNDA:0,(anonymous_1)
FNDA:0,(anonymous_2)
FNDA:0,(anonymous_3)
FNDA:0,(anonymous_4)
FNDA:0,(anonymous_5)
FNDA:0,(anonymous_6)
FNDA:0,(anonymous_7)
FNDA:0,(anonymous_8)
FNDA:0,(anonymous_9)
FNDA:0,(anonymous_10)
FNDA:0,(anonymous_11)
FNDA:0,(anonymous_12)
FNDA:0,(anonymous_13)
FNDA:0,(anonymous_14)
FNDA:0,(anonymous_15)
FNDA:0,(anonymous_16)
FNDA:0,(anonymous_17)
FNDA:0,(anonymous_18)
DA:7,0
DA:12,0
DA:15,0
DA:16,0
DA:17,0
DA:20,0
DA:21,0
DA:28,0
DA:29,0
DA:30,0
DA:35,0
DA:38,0
DA:39,0
DA:63,0
DA:66,0
DA:70,0
DA:73,0
DA:79,0
DA:82,0
DA:84,0
DA:89,0
DA:90,0
DA:91,0
DA:92,0
DA:97,0
DA:100,0
DA:101,0
DA:103,0
DA:109,0
DA:110,0
DA:113,0
DA:114,0
DA:117,0
DA:118,0
DA:119,0
DA:121,0
DA:124,0
DA:130,0
DA:131,0
DA:134,0
DA:142,0
DA:147,0
DA:152,0
DA:155,0
DA:158,0
DA:159,0
DA:160,0
DA:161,0
DA:162,0
DA:164,0
DA:169,0
DA:172,0
DA:173,0
DA:174,0
DA:175,0
DA:177,0
DA:182,0
DA:185,0
DA:186,0
DA:187,0
DA:188,0
DA:190,0
DA:195,0
DA:198,0
DA:199,0
DA:200,0
DA:201,0
DA:202,0
DA:204,0
DA:209,0
DA:212,0
DA:213,0
DA:214,0
DA:215,0
DA:216,0
DA:218,0
DA:223,0
DA:226,0
DA:227,0
DA:228,0
DA:229,0
DA:230,0
DA:232,0
LF:83
LH:0
BRDA:100,0,0,0
BRDA:100,0,1,0
BRDA:117,1,0,0
BRDA:117,1,1,0
BRDA:130,2,0,0
BRDA:130,2,1,0
BRDA:158,3,0,0
BRDA:158,3,1,0
BRDA:172,4,0,0
BRDA:172,4,1,0
BRDA:185,5,0,0
BRDA:185,5,1,0
BRDA:198,6,0,0
BRDA:198,6,1,0
BRDA:212,7,0,0
BRDA:212,7,1,0
BRDA:226,8,0,0
BRDA:226,8,1,0
BRF:18
BRH:0
end_of_record
TN:
SF:src/models/hand.js
FN:5,(anonymous_0)
FN:14,(anonymous_1)
FN:30,(anonymous_2)
FN:37,(anonymous_3)
FN:57,(anonymous_4)
FN:63,(anonymous_5)
FNF:6
FNH:6
FNDA:8,(anonymous_0)
FNDA:8,(anonymous_1)
FNDA:9,(anonymous_2)
FNDA:9,(anonymous_3)
FNDA:469,(anonymous_4)
FNDA:105,(anonymous_5)
DA:6,8
DA:7,8
DA:8,8
DA:10,8
DA:15,8
DA:17,8
DA:20,8
DA:21,34
DA:24,8
DA:31,9
DA:32,9
DA:33,9
DA:39,9
DA:40,9
DA:41,36
DA:42,468
DA:47,9
DA:48,459
DA:49,459
DA:51,9
DA:58,469
DA:59,469
DA:60,469
DA:64,105
LF:24
LH:24
BRDA:5,0,0,6
BRDA:5,1,0,6
BRDA:60,2,0,469
BRDA:60,2,1,352
BRF:4
BRH:4
end_of_record
TN:
SF:src/models/piles.js
FN:3,(anonymous_0)
FN:9,(anonymous_1)
FN:14,(anonymous_2)
FN:19,(anonymous_3)
FN:24,(anonymous_4)
FN:31,(anonymous_5)
FN:38,(anonymous_6)
FN:43,(anonymous_7)
FN:60,(anonymous_8)
FN:67,(anonymous_9)
FN:72,(anonymous_10)
FN:79,(anonymous_11)
FN:85,(anonymous_12)
FN:90,(anonymous_13)
FN:95,(anonymous_14)
FN:100,(anonymous_15)
FN:103,(anonymous_16)
FN:111,(anonymous_17)
FN:121,(anonymous_18)
FN:128,(anonymous_19)
FN:135,(anonymous_20)
FN:140,(anonymous_21)
FN:163,(anonymous_22)
FNF:23
FNH:5
FNDA:8,(anonymous_0)
FNDA:8,(anonymous_1)
FNDA:0,(anonymous_2)
FNDA:0,(anonymous_3)
FNDA:0,(anonymous_4)
FNDA:8,(anonymous_5)
FNDA:8,(anonymous_6)
FNDA:0,(anonymous_7)
FNDA:0,(anonymous_8)
FNDA:0,(anonymous_9)
FNDA:0,(anonymous_10)
FNDA:34,(anonymous_11)
FNDA:0,(anonymous_12)
FNDA:0,(anonymous_13)
FNDA:0,(anonymous_14)
FNDA:0,(anonymous_15)
FNDA:0,(anonymous_16)
FNDA:0,(anonymous_17)
FNDA:0,(anonymous_18)
FNDA:0,(anonymous_19)
FNDA:0,(anonymous_20)
FNDA:0,(anonymous_21)
FNDA:0,(anonymous_22)
DA:4,8
DA:5,8
DA:10,8
DA:15,0
DA:20,0
DA:25,0
DA:32,8
DA:33,8
DA:34,8
DA:39,8
DA:44,0
DA:46,0
DA:48,0
DA:49,0
DA:51,0
DA:52,0
DA:54,0
DA:56,0
DA:61,0
DA:62,0
DA:63,0
DA:68,0
DA:73,0
DA:80,34
DA:81,34
DA:86,0
DA:91,0
DA:96,0
DA:101,0
DA:103,0
DA:104,0
DA:106,0
DA:111,0
DA:112,0
DA:115,0
DA:117,0
DA:122,0
DA:129,0
DA:130,0
DA:131,0
DA:136,0
DA:142,0
DA:144,0
DA:146,0
DA:147,0
DA:149,0
DA:153,0
DA:154,0
DA:156,0
DA:159,0
DA:164,0
LF:51
LH:9
BRDA:3,0,0,8
BRDA:31,1,0,8
BRDA:31,2,0,8
BRDA:46,3,0,0
BRDA:46,3,1,0
BRDA:49,4,0,0
BRDA:49,4,1,0
BRDA:52,5,0,0
BRDA:52,5,1,0
BRDA:79,6,0,0
BRDA:101,7,0,0
BRDA:101,7,1,0
BRDA:106,8,0,0
BRDA:106,8,1,0
BRDA:107,9,0,0
BRDA:107,9,1,0
BRDA:128,10,0,0
BRDA:128,11,0,0
BRDA:142,12,0,0
BRDA:142,12,1,0
BRDA:144,13,0,0
BRDA:144,13,1,0
BRDA:153,14,0,0
BRDA:153,14,1,0
BRDA:153,15,0,0
BRDA:153,15,1,0
BRF:26
BRH:3
end_of_record
TN:
SF:src/models/player.js
FN:4,(anonymous_0)
FN:14,(anonymous_1)
FNF:2
FNH:0
FNDA:0,(anonymous_0)
FNDA:0,(anonymous_1)
DA:5,0
DA:6,0
DA:7,0
DA:8,0
DA:10,0
DA:15,0
DA:18,0
DA:19,0
DA:21,0
DA:22,0
DA:23,0
DA:27,0
DA:28,0
DA:32,0
DA:33,0
DA:37,0
DA:46,0
LF:17
LH:0
BRDA:4,0,0,0
BRDA:21,1,0,0
BRDA:21,1,1,0
BRF:3
BRH:0
end_of_record
